<?xml version="1.0" encoding="UTF-8"?>
<!-- Generated by org.testng.reporters.JUnitReportReporter -->
<testsuite hostname="IN-8F1D5S3" failures="0" tests="6" name="testRunner.RunCuke" time="65.527" errors="0" timestamp="2024-08-26T19:36:15 IST" skipped="0">
  <testcase classname="testRunner.RunCuke" name="runScenario" time="9.298"/>
  <testcase classname="testRunner.RunCuke" name="runScenario" time="8.282"/>
  <testcase classname="testRunner.RunCuke" name="runScenario" time="13.304"/>
  <testcase classname="testRunner.RunCuke" name="runScenario" time="9.258"/>
  <testcase classname="testRunner.RunCuke" name="runScenario" time="11.454"/>
  <testcase classname="testRunner.RunCuke" name="runScenario" time="13.931"/>
</testsuite> <!-- testRunner.RunCuke -->
